执行日期：2016-12-05-14:31:28
【接收到的notify通知】:
<xml><appid><![CDATA[wxec66b7095c2cec16]]></appid>
<bank_type><![CDATA[CFT]]></bank_type>
<cash_fee><![CDATA[1]]></cash_fee>
<fee_type><![CDATA[CNY]]></fee_type>
<is_subscribe><![CDATA[N]]></is_subscribe>
<mch_id><![CDATA[1409912402]]></mch_id>
<nonce_str><![CDATA[fnw03jejgwlgxdh0rhxsbbhxnfembzke]]></nonce_str>
<openid><![CDATA[oBholwARBwwkalPMOB-8535kCxEw]]></openid>
<out_trade_no><![CDATA[5462]]></out_trade_no>
<result_code><![CDATA[SUCCESS]]></result_code>
<return_code><![CDATA[SUCCESS]]></return_code>
<sign><![CDATA[B37EEAD5661FB59B13AD728E0705368B]]></sign>
<time_end><![CDATA[20161205143127]]></time_end>
<total_fee>1</total_fee>
<trade_type><![CDATA[APP]]></trade_type>
<transaction_id><![CDATA[4004382001201612051860041330]]></transaction_id>
</xml>


执行日期：2016-12-05-14:41:24
【接收到的notify通知】:
<xml><appid><![CDATA[wxec66b7095c2cec16]]></appid>
<bank_type><![CDATA[CFT]]></bank_type>
<cash_fee><![CDATA[1]]></cash_fee>
<fee_type><![CDATA[CNY]]></fee_type>
<is_subscribe><![CDATA[N]]></is_subscribe>
<mch_id><![CDATA[1409912402]]></mch_id>
<nonce_str><![CDATA[4nhxu8ubcbgfop7d9oityec1wntifpqd]]></nonce_str>
<openid><![CDATA[oBholwARBwwkalPMOB-8535kCxEw]]></openid>
<out_trade_no><![CDATA[5465]]></out_trade_no>
<result_code><![CDATA[SUCCESS]]></result_code>
<return_code><![CDATA[SUCCESS]]></return_code>
<sign><![CDATA[54AD9F67698B93544412B7ABD3A94D75]]></sign>
<time_end><![CDATA[20161205144124]]></time_end>
<total_fee>1</total_fee>
<trade_type><![CDATA[APP]]></trade_type>
<transaction_id><![CDATA[4004382001201612051860971262]]></transaction_id>
</xml>


执行日期：2016-12-05-17:06:32
【接收到的notify通知】:
<xml><appid><![CDATA[wxec66b7095c2cec16]]></appid>
<bank_type><![CDATA[CFT]]></bank_type>
<cash_fee><![CDATA[1]]></cash_fee>
<fee_type><![CDATA[CNY]]></fee_type>
<is_subscribe><![CDATA[N]]></is_subscribe>
<mch_id><![CDATA[1409912402]]></mch_id>
<nonce_str><![CDATA[3is5mf3x706hv5myu7aqz657eg8q8jkg]]></nonce_str>
<openid><![CDATA[oBholwB2k2XB19WSkhqXGMcAkikY]]></openid>
<out_trade_no><![CDATA[5492]]></out_trade_no>
<result_code><![CDATA[SUCCESS]]></result_code>
<return_code><![CDATA[SUCCESS]]></return_code>
<sign><![CDATA[5F6D70FD5C0084695C9EA4C9248A1E19]]></sign>
<time_end><![CDATA[20161205170632]]></time_end>
<total_fee>1</total_fee>
<trade_type><![CDATA[APP]]></trade_type>
<transaction_id><![CDATA[4007802001201612051873698845]]></transaction_id>
</xml>


执行日期：2016-12-05-17:28:21
【接收到的notify通知】:
<xml><appid><![CDATA[wxec66b7095c2cec16]]></appid>
<bank_type><![CDATA[CFT]]></bank_type>
<cash_fee><![CDATA[1]]></cash_fee>
<fee_type><![CDATA[CNY]]></fee_type>
<is_subscribe><![CDATA[N]]></is_subscribe>
<mch_id><![CDATA[1409912402]]></mch_id>
<nonce_str><![CDATA[81lla0fdv1c4dvvub34umkg2rsh5jljj]]></nonce_str>
<openid><![CDATA[oBholwB2k2XB19WSkhqXGMcAkikY]]></openid>
<out_trade_no><![CDATA[5496]]></out_trade_no>
<result_code><![CDATA[SUCCESS]]></result_code>
<return_code><![CDATA[SUCCESS]]></return_code>
<sign><![CDATA[B74374AAFBA7D72B5F119BC61967E3EF]]></sign>
<time_end><![CDATA[20161205172820]]></time_end>
<total_fee>1</total_fee>
<trade_type><![CDATA[APP]]></trade_type>
<transaction_id><![CDATA[4007802001201612051876770523]]></transaction_id>
</xml>


执行日期：2016-12-08-11:40:29
【接收到的notify通知】:
<xml><appid><![CDATA[wxec66b7095c2cec16]]></appid>
<bank_type><![CDATA[CFT]]></bank_type>
<cash_fee><![CDATA[1]]></cash_fee>
<fee_type><![CDATA[CNY]]></fee_type>
<is_subscribe><![CDATA[N]]></is_subscribe>
<mch_id><![CDATA[1409912402]]></mch_id>
<nonce_str><![CDATA[akxpya5iqwfew61t6ml2q1f8krs00af9]]></nonce_str>
<openid><![CDATA[oBholwB2k2XB19WSkhqXGMcAkikY]]></openid>
<out_trade_no><![CDATA[5593]]></out_trade_no>
<result_code><![CDATA[SUCCESS]]></result_code>
<return_code><![CDATA[SUCCESS]]></return_code>
<sign><![CDATA[E0413D60E02750CE516DBACF9B3A837F]]></sign>
<time_end><![CDATA[20161208114027]]></time_end>
<total_fee>1</total_fee>
<trade_type><![CDATA[APP]]></trade_type>
<transaction_id><![CDATA[4007802001201612082141461873]]></transaction_id>
</xml>


执行日期：2016-12-16-15:50:09
【接收到的notify通知】:
<xml><appid><![CDATA[wxec66b7095c2cec16]]></appid>
<bank_type><![CDATA[ZJRCUB_CREDIT]]></bank_type>
<cash_fee><![CDATA[100]]></cash_fee>
<fee_type><![CDATA[CNY]]></fee_type>
<is_subscribe><![CDATA[N]]></is_subscribe>
<mch_id><![CDATA[1409912402]]></mch_id>
<nonce_str><![CDATA[3ckyo3sthzhdc7vcz9p2curxz8ocv04o]]></nonce_str>
<openid><![CDATA[oBholwPgk8Is7reSE-SlOK4wjK_0]]></openid>
<out_trade_no><![CDATA[5881]]></out_trade_no>
<result_code><![CDATA[SUCCESS]]></result_code>
<return_code><![CDATA[SUCCESS]]></return_code>
<sign><![CDATA[F5A19BD2F9A39EA0FE2C11D5C90D084D]]></sign>
<time_end><![CDATA[20161216155009]]></time_end>
<total_fee>100</total_fee>
<trade_type><![CDATA[APP]]></trade_type>
<transaction_id><![CDATA[4005972001201612162969524568]]></transaction_id>
</xml>


执行日期：2016-12-16-16:09:02
【接收到的notify通知】:
<xml><appid><![CDATA[wxec66b7095c2cec16]]></appid>
<bank_type><![CDATA[ICBC_DEBIT]]></bank_type>
<cash_fee><![CDATA[1]]></cash_fee>
<fee_type><![CDATA[CNY]]></fee_type>
<is_subscribe><![CDATA[N]]></is_subscribe>
<mch_id><![CDATA[1409912402]]></mch_id>
<nonce_str><![CDATA[4nss2d04sbmxequnwu6yblln9er4dj5v]]></nonce_str>
<openid><![CDATA[oBholwBs3tzuAK7cYIlfU0pehy2g]]></openid>
<out_trade_no><![CDATA[5889]]></out_trade_no>
<result_code><![CDATA[SUCCESS]]></result_code>
<return_code><![CDATA[SUCCESS]]></return_code>
<sign><![CDATA[97E6E6FDDFA8EFB7FA4A33C898E08D19]]></sign>
<time_end><![CDATA[20161216160902]]></time_end>
<total_fee>1</total_fee>
<trade_type><![CDATA[APP]]></trade_type>
<transaction_id><![CDATA[4007532001201612162970634696]]></transaction_id>
</xml>


执行日期：2016-12-19-20:44:41
【接收到的notify通知】:
<xml><appid><![CDATA[wxec66b7095c2cec16]]></appid>
<bank_type><![CDATA[ICBC_DEBIT]]></bank_type>
<cash_fee><![CDATA[4]]></cash_fee>
<fee_type><![CDATA[CNY]]></fee_type>
<is_subscribe><![CDATA[N]]></is_subscribe>
<mch_id><![CDATA[1409912402]]></mch_id>
<nonce_str><![CDATA[aut2aotzfwajziydzv67nvkl6gdb21mj]]></nonce_str>
<openid><![CDATA[oBholwBs3tzuAK7cYIlfU0pehy2g]]></openid>
<out_trade_no><![CDATA[6003]]></out_trade_no>
<result_code><![CDATA[SUCCESS]]></result_code>
<return_code><![CDATA[SUCCESS]]></return_code>
<sign><![CDATA[92245BC171D8E6D54E77EE84AA9C6F0B]]></sign>
<time_end><![CDATA[20161219204441]]></time_end>
<total_fee>4</total_fee>
<trade_type><![CDATA[APP]]></trade_type>
<transaction_id><![CDATA[4007532001201612193318710480]]></transaction_id>
</xml>


执行日期：2017-01-05-01:45:48
【接收到的notify通知】:
<xml><appid><![CDATA[wxec66b7095c2cec16]]></appid>
<bank_type><![CDATA[CFT]]></bank_type>
<cash_fee><![CDATA[1000]]></cash_fee>
<fee_type><![CDATA[CNY]]></fee_type>
<is_subscribe><![CDATA[N]]></is_subscribe>
<mch_id><![CDATA[1409912402]]></mch_id>
<nonce_str><![CDATA[bq2szbeowrcc2psgemqv6ckkc0hf3pj1]]></nonce_str>
<openid><![CDATA[oBholwOZk-9Nb17RVtWBoSlvZl1I]]></openid>
<out_trade_no><![CDATA[6340]]></out_trade_no>
<result_code><![CDATA[SUCCESS]]></result_code>
<return_code><![CDATA[SUCCESS]]></return_code>
<sign><![CDATA[B53A2F63031235412EFA304D92C64975]]></sign>
<time_end><![CDATA[20170105014547]]></time_end>
<total_fee>1000</total_fee>
<trade_type><![CDATA[APP]]></trade_type>
<transaction_id><![CDATA[4002572001201701055222097431]]></transaction_id>
</xml>


执行日期：2017-01-10-11:08:15
【接收到的notify通知】:
<xml><appid><![CDATA[wxec66b7095c2cec16]]></appid>
<bank_type><![CDATA[CFT]]></bank_type>
<cash_fee><![CDATA[1]]></cash_fee>
<fee_type><![CDATA[CNY]]></fee_type>
<is_subscribe><![CDATA[N]]></is_subscribe>
<mch_id><![CDATA[1409912402]]></mch_id>
<nonce_str><![CDATA[tmyreejll3023p9oam3x7ahuvrk4cawt]]></nonce_str>
<openid><![CDATA[oBholwBBKGVSaUx4RVpIPlZxwDfw]]></openid>
<out_trade_no><![CDATA[6416]]></out_trade_no>
<result_code><![CDATA[SUCCESS]]></result_code>
<return_code><![CDATA[SUCCESS]]></return_code>
<sign><![CDATA[219E14547E3D628B7059D07C66E883D7]]></sign>
<time_end><![CDATA[20170110110810]]></time_end>
<total_fee>1</total_fee>
<trade_type><![CDATA[APP]]></trade_type>
<transaction_id><![CDATA[4008652001201701105814213523]]></transaction_id>
</xml>


执行日期：2017-01-10-11:08:23
【接收到的notify通知】:
<xml><appid><![CDATA[wxec66b7095c2cec16]]></appid>
<bank_type><![CDATA[CFT]]></bank_type>
<cash_fee><![CDATA[1]]></cash_fee>
<fee_type><![CDATA[CNY]]></fee_type>
<is_subscribe><![CDATA[N]]></is_subscribe>
<mch_id><![CDATA[1409912402]]></mch_id>
<nonce_str><![CDATA[tmyreejll3023p9oam3x7ahuvrk4cawt]]></nonce_str>
<openid><![CDATA[oBholwBBKGVSaUx4RVpIPlZxwDfw]]></openid>
<out_trade_no><![CDATA[6416]]></out_trade_no>
<result_code><![CDATA[SUCCESS]]></result_code>
<return_code><![CDATA[SUCCESS]]></return_code>
<sign><![CDATA[219E14547E3D628B7059D07C66E883D7]]></sign>
<time_end><![CDATA[20170110110810]]></time_end>
<total_fee>1</total_fee>
<trade_type><![CDATA[APP]]></trade_type>
<transaction_id><![CDATA[4008652001201701105814213523]]></transaction_id>
</xml>


执行日期：2017-01-10-11:09:27
【接收到的notify通知】:
<xml><appid><![CDATA[wxec66b7095c2cec16]]></appid>
<bank_type><![CDATA[CFT]]></bank_type>
<cash_fee><![CDATA[1]]></cash_fee>
<fee_type><![CDATA[CNY]]></fee_type>
<is_subscribe><![CDATA[N]]></is_subscribe>
<mch_id><![CDATA[1409912402]]></mch_id>
<nonce_str><![CDATA[r2616cretbbln5ah0evuejvp7iyxeurv]]></nonce_str>
<openid><![CDATA[oBholwB2k2XB19WSkhqXGMcAkikY]]></openid>
<out_trade_no><![CDATA[6418]]></out_trade_no>
<result_code><![CDATA[SUCCESS]]></result_code>
<return_code><![CDATA[SUCCESS]]></return_code>
<sign><![CDATA[4F8A838F9689840CCE3865E7C44919AA]]></sign>
<time_end><![CDATA[20170110110926]]></time_end>
<total_fee>1</total_fee>
<trade_type><![CDATA[APP]]></trade_type>
<transaction_id><![CDATA[4007802001201701105817247937]]></transaction_id>
</xml>


执行日期：2017-02-22-14:10:59
【接收到的notify通知】:
<xml><appid><![CDATA[wxec66b7095c2cec16]]></appid>
<bank_type><![CDATA[ABC_DEBIT]]></bank_type>
<cash_fee><![CDATA[100]]></cash_fee>
<fee_type><![CDATA[CNY]]></fee_type>
<is_subscribe><![CDATA[N]]></is_subscribe>
<mch_id><![CDATA[1409912402]]></mch_id>
<nonce_str><![CDATA[oecy1esf135jgak7saq0r21n375vl013]]></nonce_str>
<openid><![CDATA[oBholwKubFaLoTsuqCIzq3YuMNIo]]></openid>
<out_trade_no><![CDATA[426]]></out_trade_no>
<result_code><![CDATA[SUCCESS]]></result_code>
<return_code><![CDATA[SUCCESS]]></return_code>
<sign><![CDATA[3D4398E8A35EFE8F06B73F1CFA82F94B]]></sign>
<time_end><![CDATA[20170222141058]]></time_end>
<total_fee>100</total_fee>
<trade_type><![CDATA[APP]]></trade_type>
<transaction_id><![CDATA[4008812001201702220888408470]]></transaction_id>
</xml>


执行日期：2017-04-10-15:22:04
【接收到的notify通知】:
<xml><appid><![CDATA[wxec66b7095c2cec16]]></appid>
<bank_type><![CDATA[CCB_DEBIT]]></bank_type>
<cash_fee><![CDATA[10]]></cash_fee>
<fee_type><![CDATA[CNY]]></fee_type>
<is_subscribe><![CDATA[N]]></is_subscribe>
<mch_id><![CDATA[1409912402]]></mch_id>
<nonce_str><![CDATA[czau2rxbc40mjce9a3bwo9xqie2tl4h8]]></nonce_str>
<openid><![CDATA[oBholwEpcMFstN2ssBIHLZ4RhzwE]]></openid>
<out_trade_no><![CDATA[621]]></out_trade_no>
<result_code><![CDATA[SUCCESS]]></result_code>
<return_code><![CDATA[SUCCESS]]></return_code>
<sign><![CDATA[D9E403D62B02CE1DBF19148906CE4F7E]]></sign>
<time_end><![CDATA[20170410152204]]></time_end>
<total_fee>10</total_fee>
<trade_type><![CDATA[APP]]></trade_type>
<transaction_id><![CDATA[4006672001201704106526597026]]></transaction_id>
</xml>


执行日期：2017-04-18-17:04:34
【接收到的notify通知】:
<xml><appid><![CDATA[wxec66b7095c2cec16]]></appid>
<bank_type><![CDATA[CCB_DEBIT]]></bank_type>
<cash_fee><![CDATA[100]]></cash_fee>
<fee_type><![CDATA[CNY]]></fee_type>
<is_subscribe><![CDATA[N]]></is_subscribe>
<mch_id><![CDATA[1409912402]]></mch_id>
<nonce_str><![CDATA[s1efdlayc8p93fo4xhryywu6udfitafl]]></nonce_str>
<openid><![CDATA[oBholwEpcMFstN2ssBIHLZ4RhzwE]]></openid>
<out_trade_no><![CDATA[675]]></out_trade_no>
<result_code><![CDATA[SUCCESS]]></result_code>
<return_code><![CDATA[SUCCESS]]></return_code>
<sign><![CDATA[CDB5494DC66CE361B743DC269AC6D273]]></sign>
<time_end><![CDATA[20170418170433]]></time_end>
<total_fee>100</total_fee>
<trade_type><![CDATA[APP]]></trade_type>
<transaction_id><![CDATA[4006672001201704187468597045]]></transaction_id>
</xml>


